
11월 19, 2021 14:37:38.973 NEW SESSION
11월 19, 2021 14:37:38.974 [1068:640:1119/143738.968:ERROR:chrome_browser_main_extra_parts_metrics.cc(230)] crbug.com/1216328: Checking Bluetooth availability started. Please report if there is no report that this ends.
11월 19, 2021 14:37:38.974 [1068:640:1119/143738.968:ERROR:chrome_browser_main_extra_parts_metrics.cc(233)] crbug.com/1216328: Checking Bluetooth availability ended.
11월 19, 2021 14:37:38.975 [1068:640:1119/143738.968:ERROR:chrome_browser_main_extra_parts_metrics.cc(236)] crbug.com/1216328: Checking default browser status started. Please report if there is no report that this ends.
11월 19, 2021 14:37:38.976 [1068:640:1119/143738.974:ERROR:chrome_browser_main_extra_parts_metrics.cc(240)] crbug.com/1216328: Checking default browser status ended.
11월 19, 2021 14:37:38.995 [1068:7408:1119/143738.995:ERROR:device_event_log_impl.cc(214)] [14:37:38.996] Bluetooth: bluetooth_adapter_winrt.cc:1073 Getting Default Adapter failed.
11월 19, 2021 16:10:36.251 [1068:3840:1119/161036.251:ERROR:database.cc(1761)] Passwords SQLite error: code 2067 errno 0: UNIQUE constraint failed: logins.origin_url, logins.username_element, logins.username_value, logins.password_element, logins.signon_realm sql: INSERT INTO logins (origin_url, action_url, username_element, username_value, password_element, password_value, submit_element, signon_realm, date_created, blacklisted_by_user, scheme, password_type, times_used, form_data, display_name, icon_url, federation_url, skip_zero_click, generation_upload_status, possible_username_pairs, id, date_last_used, moving_blocked_for, date_password_modified) VALUES (?,?,?,?,?,?,?,?,?,?,?,?,?,?,?,?,?,?,?,?,?,?,?,?)

11월 22, 2021 08:43:59.226 NEW SESSION
11월 22, 2021 08:43:59.227 [9148:11180:1122/084359.222:ERROR:chrome_browser_main_extra_parts_metrics.cc(226)] crbug.com/1216328: Checking Bluetooth availability started. Please report if there is no report that this ends.
11월 22, 2021 08:43:59.235 [9148:11180:1122/084359.222:ERROR:chrome_browser_main_extra_parts_metrics.cc(229)] crbug.com/1216328: Checking Bluetooth availability ended.
11월 22, 2021 08:43:59.235 [9148:11180:1122/084359.222:ERROR:chrome_browser_main_extra_parts_metrics.cc(232)] crbug.com/1216328: Checking default browser status started. Please report if there is no report that this ends.
11월 22, 2021 08:43:59.236 [9148:11180:1122/084359.231:ERROR:chrome_browser_main_extra_parts_metrics.cc(236)] crbug.com/1216328: Checking default browser status ended.
11월 22, 2021 08:43:59.251 [9148:1696:1122/084359.251:ERROR:device_event_log_impl.cc(214)] [08:43:59.251] Bluetooth: bluetooth_adapter_winrt.cc:1075 Getting Default Adapter failed.

11월 23, 2021 08:36:33.831 NEW SESSION
11월 23, 2021 08:36:33.831 [9048:2116:1123/083633.827:ERROR:chrome_browser_main_extra_parts_metrics.cc(230)] crbug.com/1216328: Checking Bluetooth availability started. Please report if there is no report that this ends.
11월 23, 2021 08:36:33.836 [9048:2116:1123/083633.827:ERROR:chrome_browser_main_extra_parts_metrics.cc(233)] crbug.com/1216328: Checking Bluetooth availability ended.
11월 23, 2021 08:36:33.836 [9048:2116:1123/083633.827:ERROR:chrome_browser_main_extra_parts_metrics.cc(236)] crbug.com/1216328: Checking default browser status started. Please report if there is no report that this ends.
11월 23, 2021 08:36:33.837 [9048:2116:1123/083633.833:ERROR:chrome_browser_main_extra_parts_metrics.cc(240)] crbug.com/1216328: Checking default browser status ended.
11월 23, 2021 08:36:33.851 [9048:9052:1123/083633.851:ERROR:device_event_log_impl.cc(214)] [08:36:33.851] Bluetooth: bluetooth_adapter_winrt.cc:1073 Getting Default Adapter failed.
11월 23, 2021 10:18:19.726 [9048:9052:1123/101819.726:ERROR:CONSOLE(1)] "console.assert", source: devtools://devtools/bundled/devtools-frontend/front_end/core/sdk/sdk.js (1)
11월 23, 2021 10:18:19.727 [9048:9052:1123/101819.726:ERROR:CONSOLE(1)] "console.assert", source: devtools://devtools/bundled/devtools-frontend/front_end/core/sdk/sdk.js (1)
11월 23, 2021 10:33:00.435 [9048:9052:1123/103300.435:ERROR:device_event_log_impl.cc(214)] [10:33:00.435] Bluetooth: bluetooth_adapter_winrt.cc:1073 Getting Default Adapter failed.
11월 23, 2021 14:55:01.489 [9048:9052:1123/145501.489:ERROR:CONSOLE(1)] "console.assert", source: devtools://devtools/bundled/devtools-frontend/front_end/core/sdk/sdk.js (1)
11월 23, 2021 14:55:01.489 [9048:9052:1123/145501.489:ERROR:CONSOLE(1)] "console.assert", source: devtools://devtools/bundled/devtools-frontend/front_end/core/sdk/sdk.js (1)
11월 23, 2021 14:58:28.405 [9048:9052:1123/145828.405:ERROR:CONSOLE(1)] "console.assert", source: devtools://devtools/bundled/devtools-frontend/front_end/core/sdk/sdk.js (1)
11월 23, 2021 14:58:28.405 [9048:9052:1123/145828.405:ERROR:CONSOLE(1)] "console.assert", source: devtools://devtools/bundled/devtools-frontend/front_end/core/sdk/sdk.js (1)
11월 23, 2021 15:33:39.55 [9048:9052:1123/153339.055:ERROR:CONSOLE(1)] "console.assert", source: devtools://devtools/bundled/devtools-frontend/front_end/core/sdk/sdk.js (1)
11월 23, 2021 15:33:39.55 [9048:9052:1123/153339.055:ERROR:CONSOLE(1)] "console.assert", source: devtools://devtools/bundled/devtools-frontend/front_end/core/sdk/sdk.js (1)
11월 23, 2021 15:36:09.453 [9048:9052:1123/153609.453:ERROR:CONSOLE(1)] "console.assert", source: devtools://devtools/bundled/devtools-frontend/front_end/ui/legacy/legacy.js (1)
11월 23, 2021 15:36:55.952 [9048:9052:1123/153655.952:ERROR:CONSOLE(1)] "console.assert", source: devtools://devtools/bundled/devtools-frontend/front_end/core/sdk/sdk.js (1)
11월 23, 2021 15:36:55.952 [9048:9052:1123/153655.952:ERROR:CONSOLE(1)] "console.assert", source: devtools://devtools/bundled/devtools-frontend/front_end/core/sdk/sdk.js (1)
11월 23, 2021 15:37:45.744 [9048:9052:1123/153745.744:ERROR:CONSOLE(1)] "console.assert", source: devtools://devtools/bundled/devtools-frontend/front_end/core/sdk/sdk.js (1)
11월 23, 2021 15:37:45.744 [9048:9052:1123/153745.744:ERROR:CONSOLE(1)] "console.assert", source: devtools://devtools/bundled/devtools-frontend/front_end/core/sdk/sdk.js (1)
11월 23, 2021 15:40:49.329 [9048:9052:1123/154049.329:ERROR:CONSOLE(1)] "console.assert", source: devtools://devtools/bundled/devtools-frontend/front_end/core/sdk/sdk.js (1)
11월 23, 2021 15:40:49.329 [9048:9052:1123/154049.329:ERROR:CONSOLE(1)] "console.assert", source: devtools://devtools/bundled/devtools-frontend/front_end/core/sdk/sdk.js (1)
11월 23, 2021 16:03:53.878 [9048:9052:1123/160353.878:ERROR:sharing_service.cc(252)] Device un-registration failed with fatal error
11월 23, 2021 16:03:56.207 [9048:9052:1123/160356.207:ERROR:device_event_log_impl.cc(214)] [16:03:56.207] Bluetooth: bluetooth_adapter_winrt.cc:1073 Getting Default Adapter failed.

11월 24, 2021 08:34:08.445 NEW SESSION
11월 24, 2021 08:34:08.445 [3896:10208:1124/083408.440:ERROR:chrome_browser_main_extra_parts_metrics.cc(226)] crbug.com/1216328: Checking Bluetooth availability started. Please report if there is no report that this ends.
11월 24, 2021 08:34:08.447 [3896:10208:1124/083408.440:ERROR:chrome_browser_main_extra_parts_metrics.cc(229)] crbug.com/1216328: Checking Bluetooth availability ended.
11월 24, 2021 08:34:08.447 [3896:10208:1124/083408.440:ERROR:chrome_browser_main_extra_parts_metrics.cc(232)] crbug.com/1216328: Checking default browser status started. Please report if there is no report that this ends.
11월 24, 2021 08:34:08.459 [3896:10208:1124/083408.445:ERROR:chrome_browser_main_extra_parts_metrics.cc(236)] crbug.com/1216328: Checking default browser status ended.
11월 24, 2021 08:34:08.478 [3896:3328:1124/083408.478:ERROR:device_event_log_impl.cc(214)] [08:34:08.478] Bluetooth: bluetooth_adapter_winrt.cc:1075 Getting Default Adapter failed.
11월 24, 2021 09:44:28.732 [3896:3328:1124/094428.731:ERROR:CONSOLE(1)] "console.assert", source: devtools://devtools/bundled/devtools-frontend/front_end/core/sdk/sdk.js (1)
11월 24, 2021 09:44:28.732 [3896:3328:1124/094428.732:ERROR:CONSOLE(1)] "console.assert", source: devtools://devtools/bundled/devtools-frontend/front_end/core/sdk/sdk.js (1)
11월 24, 2021 09:44:52.746 [3896:3328:1124/094452.746:ERROR:CONSOLE(1)] "console.assert", source: devtools://devtools/bundled/devtools-frontend/front_end/core/sdk/sdk.js (1)
11월 24, 2021 09:44:52.746 [3896:3328:1124/094452.746:ERROR:CONSOLE(1)] "console.assert", source: devtools://devtools/bundled/devtools-frontend/front_end/core/sdk/sdk.js (1)
11월 24, 2021 09:46:01.887 [3896:3328:1124/094601.887:ERROR:CONSOLE(1)] "console.assert", source: devtools://devtools/bundled/devtools-frontend/front_end/core/sdk/sdk.js (1)
11월 24, 2021 09:46:01.888 [3896:3328:1124/094601.887:ERROR:CONSOLE(1)] "console.assert", source: devtools://devtools/bundled/devtools-frontend/front_end/core/sdk/sdk.js (1)
11월 24, 2021 10:01:19.87 [3896:3328:1124/100119.087:ERROR:CONSOLE(1)] "console.assert", source: devtools://devtools/bundled/devtools-frontend/front_end/core/sdk/sdk.js (1)
11월 24, 2021 10:01:19.87 [3896:3328:1124/100119.087:ERROR:CONSOLE(1)] "console.assert", source: devtools://devtools/bundled/devtools-frontend/front_end/core/sdk/sdk.js (1)
11월 24, 2021 10:05:31.135 [3896:3328:1124/100531.135:ERROR:CONSOLE(1)] "console.assert", source: devtools://devtools/bundled/devtools-frontend/front_end/core/sdk/sdk.js (1)
11월 24, 2021 10:05:31.135 [3896:3328:1124/100531.135:ERROR:CONSOLE(1)] "console.assert", source: devtools://devtools/bundled/devtools-frontend/front_end/core/sdk/sdk.js (1)
11월 24, 2021 10:06:16.241 [3896:3328:1124/100616.241:ERROR:CONSOLE(1)] "console.assert", source: devtools://devtools/bundled/devtools-frontend/front_end/ui/legacy/legacy.js (1)
11월 24, 2021 10:13:04.194 [3896:3328:1124/101304.194:ERROR:interface_endpoint_client.cc(658)] Message 1 rejected by interface blink.mojom.WidgetHost
11월 24, 2021 10:59:33.592 [3896:3328:1124/105933.592:ERROR:CONSOLE(1)] "console.assert", source: devtools://devtools/bundled/devtools-frontend/front_end/core/sdk/sdk.js (1)
11월 24, 2021 10:59:33.592 [3896:3328:1124/105933.592:ERROR:CONSOLE(1)] "console.assert", source: devtools://devtools/bundled/devtools-frontend/front_end/core/sdk/sdk.js (1)
11월 24, 2021 12:53:14.170 [3896:3328:1124/125314.170:ERROR:CONSOLE(1)] "console.assert", source: devtools://devtools/bundled/devtools-frontend/front_end/core/sdk/sdk.js (1)
11월 24, 2021 12:53:14.170 [3896:3328:1124/125314.170:ERROR:CONSOLE(1)] "console.assert", source: devtools://devtools/bundled/devtools-frontend/front_end/core/sdk/sdk.js (1)
11월 24, 2021 14:02:15.560 [3896:3328:1124/140215.560:ERROR:CONSOLE(1)] "console.assert", source: devtools://devtools/bundled/devtools-frontend/front_end/core/sdk/sdk.js (1)
11월 24, 2021 14:02:15.560 [3896:3328:1124/140215.560:ERROR:CONSOLE(1)] "console.assert", source: devtools://devtools/bundled/devtools-frontend/front_end/core/sdk/sdk.js (1)
11월 24, 2021 14:03:35.656 [3896:3328:1124/140335.656:ERROR:CONSOLE(1)] "console.assert", source: devtools://devtools/bundled/devtools-frontend/front_end/core/sdk/sdk.js (1)
11월 24, 2021 14:03:35.656 [3896:3328:1124/140335.656:ERROR:CONSOLE(1)] "console.assert", source: devtools://devtools/bundled/devtools-frontend/front_end/core/sdk/sdk.js (1)
11월 24, 2021 14:04:29.474 [3896:3328:1124/140429.473:ERROR:interface_endpoint_client.cc(658)] Message 5 rejected by interface blink.mojom.WidgetHost
11월 24, 2021 14:08:58.516 [3896:3328:1124/140858.516:ERROR:CONSOLE(1)] "console.assert", source: devtools://devtools/bundled/devtools-frontend/front_end/core/sdk/sdk.js (1)
11월 24, 2021 14:08:58.517 [3896:3328:1124/140858.516:ERROR:CONSOLE(1)] "console.assert", source: devtools://devtools/bundled/devtools-frontend/front_end/core/sdk/sdk.js (1)
11월 24, 2021 14:09:17.445 [3896:3328:1124/140917.445:ERROR:CONSOLE(1)] "console.assert", source: devtools://devtools/bundled/devtools-frontend/front_end/core/sdk/sdk.js (1)
11월 24, 2021 14:09:17.445 [3896:3328:1124/140917.445:ERROR:CONSOLE(1)] "console.assert", source: devtools://devtools/bundled/devtools-frontend/front_end/core/sdk/sdk.js (1)
11월 24, 2021 14:09:51.499 [3896:3328:1124/140951.499:ERROR:CONSOLE(1)] "console.assert", source: devtools://devtools/bundled/devtools-frontend/front_end/core/sdk/sdk.js (1)
11월 24, 2021 14:09:51.500 [3896:3328:1124/140951.499:ERROR:CONSOLE(1)] "console.assert", source: devtools://devtools/bundled/devtools-frontend/front_end/core/sdk/sdk.js (1)

11월 24, 2021 20:26:58.45 NEW SESSION
11월 24, 2021 20:26:58.45 [37224:41312:1124/202658.040:ERROR:pref_model_associator.cc(120)] Failed to deserialize value of preference 'sync.demographics': Line: 1, column: 1, Unexpected token.
11월 24, 2021 20:27:00.383 [37224:36392:1124/202700.383:ERROR:chrome_browser_main_extra_parts_metrics.cc(226)] crbug.com/1216328: Checking Bluetooth availability started. Please report if there is no report that this ends.
11월 24, 2021 20:27:00.384 [37224:36392:1124/202700.383:ERROR:chrome_browser_main_extra_parts_metrics.cc(229)] crbug.com/1216328: Checking Bluetooth availability ended.
11월 24, 2021 20:27:00.384 [37224:36392:1124/202700.383:ERROR:chrome_browser_main_extra_parts_metrics.cc(232)] crbug.com/1216328: Checking default browser status started. Please report if there is no report that this ends.
11월 24, 2021 20:27:00.387 [37224:36392:1124/202700.386:ERROR:chrome_browser_main_extra_parts_metrics.cc(236)] crbug.com/1216328: Checking default browser status ended.
11월 24, 2021 20:27:00.395 [37224:41312:1124/202700.395:ERROR:device_event_log_impl.cc(214)] [20:27:00.395] Bluetooth: bluetooth_adapter_winrt.cc:1075 Getting Default Adapter failed.

11월 24, 2021 20:33:32.575 NEW SESSION
11월 24, 2021 20:33:32.575 [31836:32576:1124/203332.574:ERROR:pref_model_associator.cc(120)] Failed to deserialize value of preference 'sync.demographics': Line: 1, column: 1, Unexpected token.
11월 24, 2021 20:33:35.121 [31836:16668:1124/203335.121:ERROR:chrome_browser_main_extra_parts_metrics.cc(226)] crbug.com/1216328: Checking Bluetooth availability started. Please report if there is no report that this ends.
11월 24, 2021 20:33:35.121 [31836:16668:1124/203335.121:ERROR:chrome_browser_main_extra_parts_metrics.cc(229)] crbug.com/1216328: Checking Bluetooth availability ended.
11월 24, 2021 20:33:35.122 [31836:16668:1124/203335.121:ERROR:chrome_browser_main_extra_parts_metrics.cc(232)] crbug.com/1216328: Checking default browser status started. Please report if there is no report that this ends.
11월 24, 2021 20:33:35.124 [31836:16668:1124/203335.123:ERROR:chrome_browser_main_extra_parts_metrics.cc(236)] crbug.com/1216328: Checking default browser status ended.
11월 24, 2021 20:33:35.132 [31836:32576:1124/203335.132:ERROR:device_event_log_impl.cc(214)] [20:33:35.132] Bluetooth: bluetooth_adapter_winrt.cc:1075 Getting Default Adapter failed.
11월 24, 2021 20:38:38.691 [31836:32576:1124/203838.690:ERROR:CONSOLE(0)] "Unchecked runtime.lastError: The message port closed before a response was received.", source: https://ogs.google.com/u/0/widget/app?bc=1&origin=chrome-untrusted%3A%2F%2Fnew-tab-page&origin=chrome%3A%2F%2Fnew-tab-page&cn=app&pid=1&spid=243&hl=ko (0)
11월 24, 2021 20:38:38.691 [31836:32576:1124/203838.690:ERROR:CONSOLE(0)] "Unchecked runtime.lastError: The message port closed before a response was received.", source: https://ogs.google.com/u/0/widget/app?bc=1&origin=chrome-untrusted%3A%2F%2Fnew-tab-page&origin=chrome%3A%2F%2Fnew-tab-page&cn=app&pid=1&spid=243&hl=ko (0)
11월 24, 2021 20:38:38.691 [31836:32576:1124/203838.690:ERROR:CONSOLE(0)] "Unchecked runtime.lastError: The message port closed before a response was received.", source: https://ogs.google.com/u/0/widget/app?bc=1&origin=chrome-untrusted%3A%2F%2Fnew-tab-page&origin=chrome%3A%2F%2Fnew-tab-page&cn=app&pid=1&spid=243&hl=ko (0)
11월 24, 2021 20:41:33.917 [31836:41036:1124/204133.917:ERROR:database.cc(1773)] Passwords SQLite error: code 2067 errno 0: UNIQUE constraint failed: logins.origin_url, logins.username_element, logins.username_value, logins.password_element, logins.signon_realm sql: INSERT INTO logins (origin_url, action_url, username_element, username_value, password_element, password_value, submit_element, signon_realm, date_created, blacklisted_by_user, scheme, password_type, times_used, form_data, display_name, icon_url, federation_url, skip_zero_click, generation_upload_status, possible_username_pairs, id, date_last_used, moving_blocked_for, date_password_modified) VALUES (?,?,?,?,?,?,?,?,?,?,?,?,?,?,?,?,?,?,?,?,?,?,?,?)
11월 24, 2021 20:44:31.658 [31836:32576:1124/204431.657:ERROR:CONSOLE(1)] "console.assert", source: devtools://devtools/bundled/devtools-frontend/front_end/core/sdk/sdk.js (1)
11월 24, 2021 20:44:31.658 [31836:32576:1124/204431.657:ERROR:CONSOLE(1)] "console.assert", source: devtools://devtools/bundled/devtools-frontend/front_end/core/sdk/sdk.js (1)
11월 24, 2021 20:44:32.139 [31836:32576:1124/204432.139:ERROR:CONSOLE(1)] "Request Runtime.evaluate failed. {"code":-32602,"message":"uniqueContextId not found"}", source: devtools://devtools/bundled/devtools-frontend/front_end/core/protocol_client/protocol_client.js (1)
11월 24, 2021 20:44:32.140 [31836:32576:1124/204432.139:ERROR:CONSOLE(1)] "uniqueContextId not found", source: devtools://devtools/bundled/devtools-frontend/front_end/core/sdk/sdk.js (1)
11월 24, 2021 20:44:32.140 [31836:32576:1124/204432.139:ERROR:CONSOLE(1)] "Extension server error: Inspector protocol error: uniqueContextId not found", source: devtools://devtools/bundled/devtools-frontend/front_end/models/extensions/extensions.js (1)
11월 24, 2021 20:46:17.461 [31836:32576:1124/204617.461:ERROR:CONSOLE(1)] "Request Runtime.evaluate failed. {"code":-32602,"message":"uniqueContextId not found"}", source: devtools://devtools/bundled/devtools-frontend/front_end/core/protocol_client/protocol_client.js (1)
11월 24, 2021 20:46:17.462 [31836:32576:1124/204617.462:ERROR:CONSOLE(1)] "uniqueContextId not found", source: devtools://devtools/bundled/devtools-frontend/front_end/core/sdk/sdk.js (1)
11월 24, 2021 20:46:17.462 [31836:32576:1124/204617.462:ERROR:CONSOLE(1)] "Extension server error: Inspector protocol error: uniqueContextId not found", source: devtools://devtools/bundled/devtools-frontend/front_end/models/extensions/extensions.js (1)
11월 24, 2021 20:46:43.951 [31836:32576:1124/204643.951:ERROR:CONSOLE(1)] "console.assert", source: devtools://devtools/bundled/devtools-frontend/front_end/core/sdk/sdk.js (1)
11월 24, 2021 20:46:43.952 [31836:32576:1124/204643.951:ERROR:CONSOLE(1)] "console.assert", source: devtools://devtools/bundled/devtools-frontend/front_end/core/sdk/sdk.js (1)
11월 24, 2021 20:46:44.152 [31836:32576:1124/204644.152:ERROR:CONSOLE(1)] "Request Runtime.evaluate failed. {"code":-32602,"message":"uniqueContextId not found"}", source: devtools://devtools/bundled/devtools-frontend/front_end/core/protocol_client/protocol_client.js (1)
11월 24, 2021 20:46:44.153 [31836:32576:1124/204644.152:ERROR:CONSOLE(1)] "uniqueContextId not found", source: devtools://devtools/bundled/devtools-frontend/front_end/core/sdk/sdk.js (1)
11월 24, 2021 20:46:44.153 [31836:32576:1124/204644.152:ERROR:CONSOLE(1)] "Extension server error: Inspector protocol error: uniqueContextId not found", source: devtools://devtools/bundled/devtools-frontend/front_end/models/extensions/extensions.js (1)
11월 24, 2021 20:47:56.66 [31836:32576:1124/204756.065:ERROR:CONSOLE(1)] "Cannot find context with specified id", source: devtools://devtools/bundled/devtools-frontend/front_end/core/sdk/sdk.js (1)
11월 24, 2021 20:47:56.66 [31836:32576:1124/204756.066:ERROR:CONSOLE(1)] "Extension server error: Inspector protocol error: Cannot find context with specified id", source: devtools://devtools/bundled/devtools-frontend/front_end/models/extensions/extensions.js (1)
11월 24, 2021 20:47:56.66 [31836:32576:1124/204756.066:ERROR:CONSOLE(1)] "Cannot find context with specified id", source: devtools://devtools/bundled/devtools-frontend/front_end/core/sdk/sdk.js (1)
11월 24, 2021 20:47:56.67 [31836:32576:1124/204756.066:ERROR:CONSOLE(1)] "Extension server error: Inspector protocol error: Cannot find context with specified id", source: devtools://devtools/bundled/devtools-frontend/front_end/models/extensions/extensions.js (1)
11월 24, 2021 20:48:04.146 [31836:32576:1124/204804.146:ERROR:CONSOLE(1)] "Request Runtime.evaluate failed. {"code":-32602,"message":"uniqueContextId not found"}", source: devtools://devtools/bundled/devtools-frontend/front_end/core/protocol_client/protocol_client.js (1)
11월 24, 2021 20:48:04.147 [31836:32576:1124/204804.147:ERROR:CONSOLE(1)] "uniqueContextId not found", source: devtools://devtools/bundled/devtools-frontend/front_end/core/sdk/sdk.js (1)
11월 24, 2021 20:48:04.147 [31836:32576:1124/204804.147:ERROR:CONSOLE(1)] "Extension server error: Inspector protocol error: uniqueContextId not found", source: devtools://devtools/bundled/devtools-frontend/front_end/models/extensions/extensions.js (1)
11월 24, 2021 21:00:09.804 [31836:32576:1124/210009.803:ERROR:CONSOLE(0)] "Unchecked runtime.lastError: The message port closed before a response was received.", source: https://ogs.google.com/u/0/widget/app?bc=1&origin=chrome-untrusted%3A%2F%2Fnew-tab-page&origin=chrome%3A%2F%2Fnew-tab-page&cn=app&pid=1&spid=243&hl=ko (0)
11월 24, 2021 21:00:09.804 [31836:32576:1124/210009.803:ERROR:CONSOLE(0)] "Unchecked runtime.lastError: The message port closed before a response was received.", source: https://ogs.google.com/u/0/widget/app?bc=1&origin=chrome-untrusted%3A%2F%2Fnew-tab-page&origin=chrome%3A%2F%2Fnew-tab-page&cn=app&pid=1&spid=243&hl=ko (0)
11월 24, 2021 21:00:09.804 [31836:32576:1124/210009.803:ERROR:CONSOLE(0)] "Unchecked runtime.lastError: The message port closed before a response was received.", source: https://ogs.google.com/u/0/widget/app?bc=1&origin=chrome-untrusted%3A%2F%2Fnew-tab-page&origin=chrome%3A%2F%2Fnew-tab-page&cn=app&pid=1&spid=243&hl=ko (0)
11월 24, 2021 21:03:24.513 [31836:32576:1124/210324.513:ERROR:CONSOLE(1)] "Request Runtime.evaluate failed. {"code":-32602,"message":"uniqueContextId not found"}", source: devtools://devtools/bundled/devtools-frontend/front_end/core/protocol_client/protocol_client.js (1)
11월 24, 2021 21:03:24.514 [31836:32576:1124/210324.514:ERROR:CONSOLE(1)] "uniqueContextId not found", source: devtools://devtools/bundled/devtools-frontend/front_end/core/sdk/sdk.js (1)
11월 24, 2021 21:03:24.514 [31836:32576:1124/210324.514:ERROR:CONSOLE(1)] "Extension server error: Inspector protocol error: uniqueContextId not found", source: devtools://devtools/bundled/devtools-frontend/front_end/models/extensions/extensions.js (1)
11월 24, 2021 21:05:47.129 [31836:32576:1124/210547.128:ERROR:CONSOLE(1)] "Request Runtime.evaluate failed. {"code":-32602,"message":"uniqueContextId not found"}", source: devtools://devtools/bundled/devtools-frontend/front_end/core/protocol_client/protocol_client.js (1)
11월 24, 2021 21:05:47.129 [31836:32576:1124/210547.128:ERROR:CONSOLE(1)] "uniqueContextId not found", source: devtools://devtools/bundled/devtools-frontend/front_end/core/sdk/sdk.js (1)
11월 24, 2021 21:05:47.130 [31836:32576:1124/210547.129:ERROR:CONSOLE(1)] "Extension server error: Inspector protocol error: uniqueContextId not found", source: devtools://devtools/bundled/devtools-frontend/front_end/models/extensions/extensions.js (1)
11월 24, 2021 21:11:07.115 [31836:32576:1124/211107.114:ERROR:CONSOLE(1)] "Cannot find context with specified id", source: devtools://devtools/bundled/devtools-frontend/front_end/core/sdk/sdk.js (1)
11월 24, 2021 21:11:07.115 [31836:32576:1124/211107.115:ERROR:CONSOLE(1)] "Extension server error: Inspector protocol error: Cannot find context with specified id", source: devtools://devtools/bundled/devtools-frontend/front_end/models/extensions/extensions.js (1)

11월 25, 2021 09:36:57.935 NEW SESSION
11월 25, 2021 09:36:57.935 [8644:9132:1125/093657.932:ERROR:backend_impl.cc(1042)] Critical error found -8
11월 25, 2021 09:37:00.562 [8644:5620:1125/093700.562:ERROR:chrome_browser_main_extra_parts_metrics.cc(226)] crbug.com/1216328: Checking Bluetooth availability started. Please report if there is no report that this ends.
11월 25, 2021 09:37:00.562 [8644:5620:1125/093700.562:ERROR:chrome_browser_main_extra_parts_metrics.cc(229)] crbug.com/1216328: Checking Bluetooth availability ended.
11월 25, 2021 09:37:00.562 [8644:5620:1125/093700.562:ERROR:chrome_browser_main_extra_parts_metrics.cc(232)] crbug.com/1216328: Checking default browser status started. Please report if there is no report that this ends.
11월 25, 2021 09:37:00.563 [8644:8448:1125/093700.563:ERROR:persistent_memory_allocator.cc(848)] Corruption detected in shared-memory segment.
11월 25, 2021 09:37:00.565 [8644:5620:1125/093700.565:ERROR:chrome_browser_main_extra_parts_metrics.cc(236)] crbug.com/1216328: Checking default browser status ended.
11월 25, 2021 09:37:00.591 [8644:2608:1125/093700.591:ERROR:device_event_log_impl.cc(214)] [09:37:00.591] Bluetooth: bluetooth_adapter_winrt.cc:1075 Getting Default Adapter failed.
11월 25, 2021 10:01:54.84 [8644:2608:1125/100154.084:ERROR:CONSOLE(1)] "console.assert", source: devtools://devtools/bundled/devtools-frontend/front_end/core/sdk/sdk.js (1)
11월 25, 2021 10:01:54.85 [8644:2608:1125/100154.084:ERROR:CONSOLE(0)] "TypeError: Cannot read properties of null (reading 'sourceURL')", source:  (0)
11월 25, 2021 10:02:02.81 [8644:2608:1125/100202.081:ERROR:CONSOLE(1)] "console.assert", source: devtools://devtools/bundled/devtools-frontend/front_end/core/sdk/sdk.js (1)
11월 25, 2021 10:02:02.82 [8644:2608:1125/100202.081:ERROR:CONSOLE(0)] "TypeError: Cannot read properties of null (reading 'sourceURL')", source:  (0)
11월 25, 2021 10:02:34.78 [8644:2608:1125/100234.078:ERROR:CONSOLE(1)] "console.assert", source: devtools://devtools/bundled/devtools-frontend/front_end/core/sdk/sdk.js (1)
11월 25, 2021 10:02:34.79 [8644:2608:1125/100234.078:ERROR:CONSOLE(0)] "TypeError: Cannot read properties of null (reading 'sourceURL')", source:  (0)
11월 25, 2021 10:02:35.730 [8644:2608:1125/100235.730:ERROR:CONSOLE(1)] "console.assert", source: devtools://devtools/bundled/devtools-frontend/front_end/core/sdk/sdk.js (1)
11월 25, 2021 10:02:35.731 [8644:2608:1125/100235.730:ERROR:CONSOLE(1)] "console.assert", source: devtools://devtools/bundled/devtools-frontend/front_end/core/sdk/sdk.js (1)
11월 25, 2021 10:03:10.80 [8644:2608:1125/100310.080:ERROR:CONSOLE(1)] "console.assert", source: devtools://devtools/bundled/devtools-frontend/front_end/core/sdk/sdk.js (1)
11월 25, 2021 10:03:10.81 [8644:2608:1125/100310.080:ERROR:CONSOLE(0)] "TypeError: Cannot read properties of null (reading 'sourceURL')", source:  (0)
11월 25, 2021 10:03:10.511 [8644:2608:1125/100310.510:ERROR:CONSOLE(1)] "console.assert", source: devtools://devtools/bundled/devtools-frontend/front_end/core/sdk/sdk.js (1)
11월 25, 2021 10:03:10.511 [8644:2608:1125/100310.511:ERROR:CONSOLE(1)] "console.assert", source: devtools://devtools/bundled/devtools-frontend/front_end/core/sdk/sdk.js (1)
11월 25, 2021 10:46:37.74 [8644:2608:1125/104637.074:ERROR:CONSOLE(1)] "console.assert", source: devtools://devtools/bundled/devtools-frontend/front_end/core/sdk/sdk.js (1)
11월 25, 2021 10:46:37.74 [8644:2608:1125/104637.074:ERROR:CONSOLE(1)] "console.assert", source: devtools://devtools/bundled/devtools-frontend/front_end/core/sdk/sdk.js (1)
11월 25, 2021 10:49:27.599 [8644:2608:1125/104927.599:ERROR:CONSOLE(1)] "console.assert", source: devtools://devtools/bundled/devtools-frontend/front_end/core/sdk/sdk.js (1)
11월 25, 2021 10:49:27.599 [8644:2608:1125/104927.599:ERROR:CONSOLE(1)] "console.assert", source: devtools://devtools/bundled/devtools-frontend/front_end/core/sdk/sdk.js (1)
11월 25, 2021 10:53:31.252 [8644:2608:1125/105331.251:ERROR:CONSOLE(1)] "console.assert", source: devtools://devtools/bundled/devtools-frontend/front_end/core/sdk/sdk.js (1)
11월 25, 2021 10:53:31.252 [8644:2608:1125/105331.251:ERROR:CONSOLE(1)] "console.assert", source: devtools://devtools/bundled/devtools-frontend/front_end/core/sdk/sdk.js (1)
11월 25, 2021 12:13:15.471 [8644:2608:1125/121315.471:ERROR:interface_endpoint_client.cc(658)] Message 1 rejected by interface blink.mojom.WidgetHost
11월 25, 2021 14:23:32.577 [8644:2608:1125/142332.577:ERROR:CONSOLE(1)] "console.assert", source: devtools://devtools/bundled/devtools-frontend/front_end/core/sdk/sdk.js (1)
11월 25, 2021 14:23:32.577 [8644:2608:1125/142332.577:ERROR:CONSOLE(1)] "console.assert", source: devtools://devtools/bundled/devtools-frontend/front_end/core/sdk/sdk.js (1)
11월 25, 2021 14:40:15.165 [8644:8692:1125/144015.164:ERROR:database.cc(1773)] Passwords SQLite error: code 2067 errno 0: UNIQUE constraint failed: logins.origin_url, logins.username_element, logins.username_value, logins.password_element, logins.signon_realm sql: INSERT INTO logins (origin_url, action_url, username_element, username_value, password_element, password_value, submit_element, signon_realm, date_created, blacklisted_by_user, scheme, password_type, times_used, form_data, display_name, icon_url, federation_url, skip_zero_click, generation_upload_status, possible_username_pairs, id, date_last_used, moving_blocked_for, date_password_modified) VALUES (?,?,?,?,?,?,?,?,?,?,?,?,?,?,?,?,?,?,?,?,?,?,?,?)
11월 25, 2021 14:41:19.382 [8644:2268:1125/144119.382:ERROR:database.cc(1773)] Passwords SQLite error: code 2067 errno 0: UNIQUE constraint failed: logins.origin_url, logins.username_element, logins.username_value, logins.password_element, logins.signon_realm sql: INSERT INTO logins (origin_url, action_url, username_element, username_value, password_element, password_value, submit_element, signon_realm, date_created, blacklisted_by_user, scheme, password_type, times_used, form_data, display_name, icon_url, federation_url, skip_zero_click, generation_upload_status, possible_username_pairs, id, date_last_used, moving_blocked_for, date_password_modified) VALUES (?,?,?,?,?,?,?,?,?,?,?,?,?,?,?,?,?,?,?,?,?,?,?,?)
11월 25, 2021 14:42:15.965 [8644:8692:1125/144215.965:ERROR:database.cc(1773)] Passwords SQLite error: code 2067 errno 0: UNIQUE constraint failed: logins.origin_url, logins.username_element, logins.username_value, logins.password_element, logins.signon_realm sql: INSERT INTO logins (origin_url, action_url, username_element, username_value, password_element, password_value, submit_element, signon_realm, date_created, blacklisted_by_user, scheme, password_type, times_used, form_data, display_name, icon_url, federation_url, skip_zero_click, generation_upload_status, possible_username_pairs, id, date_last_used, moving_blocked_for, date_password_modified) VALUES (?,?,?,?,?,?,?,?,?,?,?,?,?,?,?,?,?,?,?,?,?,?,?,?)
11월 25, 2021 14:43:34.710 [8644:2268:1125/144334.709:ERROR:database.cc(1773)] Passwords SQLite error: code 2067 errno 0: UNIQUE constraint failed: logins.origin_url, logins.username_element, logins.username_value, logins.password_element, logins.signon_realm sql: INSERT INTO logins (origin_url, action_url, username_element, username_value, password_element, password_value, submit_element, signon_realm, date_created, blacklisted_by_user, scheme, password_type, times_used, form_data, display_name, icon_url, federation_url, skip_zero_click, generation_upload_status, possible_username_pairs, id, date_last_used, moving_blocked_for, date_password_modified) VALUES (?,?,?,?,?,?,?,?,?,?,?,?,?,?,?,?,?,?,?,?,?,?,?,?)
11월 25, 2021 15:00:44.171 [8644:3972:1125/150044.171:ERROR:database.cc(1773)] Passwords SQLite error: code 2067 errno 0: UNIQUE constraint failed: logins.origin_url, logins.username_element, logins.username_value, logins.password_element, logins.signon_realm sql: INSERT INTO logins (origin_url, action_url, username_element, username_value, password_element, password_value, submit_element, signon_realm, date_created, blacklisted_by_user, scheme, password_type, times_used, form_data, display_name, icon_url, federation_url, skip_zero_click, generation_upload_status, possible_username_pairs, id, date_last_used, moving_blocked_for, date_password_modified) VALUES (?,?,?,?,?,?,?,?,?,?,?,?,?,?,?,?,?,?,?,?,?,?,?,?)
11월 25, 2021 15:02:26.276 [8644:3972:1125/150226.276:ERROR:database.cc(1773)] Passwords SQLite error: code 2067 errno 0: UNIQUE constraint failed: logins.origin_url, logins.username_element, logins.username_value, logins.password_element, logins.signon_realm sql: INSERT INTO logins (origin_url, action_url, username_element, username_value, password_element, password_value, submit_element, signon_realm, date_created, blacklisted_by_user, scheme, password_type, times_used, form_data, display_name, icon_url, federation_url, skip_zero_click, generation_upload_status, possible_username_pairs, id, date_last_used, moving_blocked_for, date_password_modified) VALUES (?,?,?,?,?,?,?,?,?,?,?,?,?,?,?,?,?,?,?,?,?,?,?,?)
11월 25, 2021 15:32:17.863 [8644:10288:1125/153217.863:ERROR:database.cc(1773)] Passwords SQLite error: code 2067 errno 0: UNIQUE constraint failed: logins.origin_url, logins.username_element, logins.username_value, logins.password_element, logins.signon_realm sql: INSERT INTO logins (origin_url, action_url, username_element, username_value, password_element, password_value, submit_element, signon_realm, date_created, blacklisted_by_user, scheme, password_type, times_used, form_data, display_name, icon_url, federation_url, skip_zero_click, generation_upload_status, possible_username_pairs, id, date_last_used, moving_blocked_for, date_password_modified) VALUES (?,?,?,?,?,?,?,?,?,?,?,?,?,?,?,?,?,?,?,?,?,?,?,?)

11월 29, 2021 15:42:47.847 NEW SESSION
11월 29, 2021 15:42:47.848 [10736:9264:1129/154247.846:ERROR:chrome_browser_main_extra_parts_metrics.cc(226)] crbug.com/1216328: Checking Bluetooth availability started. Please report if there is no report that this ends.
11월 29, 2021 15:42:47.855 [10736:9264:1129/154247.846:ERROR:chrome_browser_main_extra_parts_metrics.cc(229)] crbug.com/1216328: Checking Bluetooth availability ended.
11월 29, 2021 15:42:47.855 [10736:9264:1129/154247.846:ERROR:chrome_browser_main_extra_parts_metrics.cc(232)] crbug.com/1216328: Checking default browser status started. Please report if there is no report that this ends.
11월 29, 2021 15:42:47.856 [10736:9264:1129/154247.847:ERROR:chrome_browser_main_extra_parts_metrics.cc(236)] crbug.com/1216328: Checking default browser status ended.
11월 29, 2021 15:42:47.858 [10736:11176:1129/154247.858:ERROR:device_event_log_impl.cc(214)] [15:42:47.858] Bluetooth: bluetooth_adapter_winrt.cc:1075 Getting Default Adapter failed.
11월 29, 2021 16:02:38.234 [10736:11176:1129/160238.233:ERROR:interface_endpoint_client.cc(658)] Message 1 rejected by interface blink.mojom.WidgetHost

11월 29, 2021 22:19:09.84 NEW SESSION
11월 29, 2021 22:19:09.84 [15164:9960:1129/221909.083:ERROR:pref_model_associator.cc(120)] Failed to deserialize value of preference 'sync.demographics': Line: 1, column: 1, Unexpected token.
11월 29, 2021 22:19:11.654 [15164:38492:1129/221911.654:ERROR:chrome_browser_main_extra_parts_metrics.cc(226)] crbug.com/1216328: Checking Bluetooth availability started. Please report if there is no report that this ends.
11월 29, 2021 22:19:11.655 [15164:38492:1129/221911.654:ERROR:chrome_browser_main_extra_parts_metrics.cc(229)] crbug.com/1216328: Checking Bluetooth availability ended.
11월 29, 2021 22:19:11.655 [15164:38492:1129/221911.654:ERROR:chrome_browser_main_extra_parts_metrics.cc(232)] crbug.com/1216328: Checking default browser status started. Please report if there is no report that this ends.
11월 29, 2021 22:19:11.658 [15164:38492:1129/221911.658:ERROR:chrome_browser_main_extra_parts_metrics.cc(236)] crbug.com/1216328: Checking default browser status ended.
11월 29, 2021 22:19:11.666 [15164:9960:1129/221911.665:ERROR:device_event_log_impl.cc(214)] [22:19:11.666] Bluetooth: bluetooth_adapter_winrt.cc:1075 Getting Default Adapter failed.
11월 29, 2021 22:22:18.569 [15164:9960:1129/222218.569:ERROR:CONSOLE(1)] "Request Runtime.evaluate failed. {"code":-32602,"message":"uniqueContextId not found"}", source: devtools://devtools/bundled/devtools-frontend/front_end/core/protocol_client/protocol_client.js (1)
11월 29, 2021 22:22:18.571 [15164:9960:1129/222218.571:ERROR:CONSOLE(1)] "uniqueContextId not found", source: devtools://devtools/bundled/devtools-frontend/front_end/core/sdk/sdk.js (1)
11월 29, 2021 22:22:18.571 [15164:9960:1129/222218.571:ERROR:CONSOLE(1)] "Extension server error: Inspector protocol error: uniqueContextId not found", source: devtools://devtools/bundled/devtools-frontend/front_end/models/extensions/extensions.js (1)

11월 30, 2021 08:31:49.157 NEW SESSION
11월 30, 2021 08:31:49.158 [7568:1352:1130/083149.154:ERROR:chrome_browser_main_extra_parts_metrics.cc(226)] crbug.com/1216328: Checking Bluetooth availability started. Please report if there is no report that this ends.
11월 30, 2021 08:31:49.158 [7568:1352:1130/083149.154:ERROR:chrome_browser_main_extra_parts_metrics.cc(229)] crbug.com/1216328: Checking Bluetooth availability ended.
11월 30, 2021 08:31:49.159 [7568:1352:1130/083149.154:ERROR:chrome_browser_main_extra_parts_metrics.cc(232)] crbug.com/1216328: Checking default browser status started. Please report if there is no report that this ends.
11월 30, 2021 08:31:49.160 [7568:1352:1130/083149.158:ERROR:chrome_browser_main_extra_parts_metrics.cc(236)] crbug.com/1216328: Checking default browser status ended.
11월 30, 2021 08:31:49.181 [7568:8764:1130/083149.181:ERROR:device_event_log_impl.cc(214)] [08:31:49.181] Bluetooth: bluetooth_adapter_winrt.cc:1075 Getting Default Adapter failed.
11월 30, 2021 13:44:29.379 [7568:8764:1130/134429.379:ERROR:interface_endpoint_client.cc(658)] Message 1 rejected by interface blink.mojom.WidgetHost
11월 30, 2021 14:52:36.103 [7568:8764:1130/145236.103:ERROR:CONSOLE(1)] "console.assert", source: devtools://devtools/bundled/devtools-frontend/front_end/core/sdk/sdk.js (1)
11월 30, 2021 14:52:36.104 [7568:8764:1130/145236.103:ERROR:CONSOLE(1)] "console.assert", source: devtools://devtools/bundled/devtools-frontend/front_end/core/sdk/sdk.js (1)
11월 30, 2021 14:52:36.104 [7568:8764:1130/145236.103:ERROR:CONSOLE(1)] "console.assert", source: devtools://devtools/bundled/devtools-frontend/front_end/core/sdk/sdk.js (1)
